-------------------------------------------------------------------------------
Test set: pe.edu.pucp.inf30.stockify.bo.personal.CuentaUsuarioBOTest
-------------------------------------------------------------------------------
Tests run: 11, Failures: 1, Errors: 4, Skipped: 0, Time elapsed: 162.4 s <<< FAILURE! -- in pe.edu.pucp.inf30.stockify.bo.personal.CuentaUsuarioBOTest
pe.edu.pucp.inf30.stockify.bo.personal.CuentaUsuarioBOTest.debeGuardarNuevo -- Time elapsed: 50.98 s <<< ERROR!
java.lang.RuntimeException: java.lang.RuntimeException: com.mysql.cj.jdbc.exceptions.MySQLTransactionRollbackException: Lock wait timeout exceeded; try restarting transaction
	at pe.edu.pucp.inf30.stockify.daoimpl.BaseDAO.ejecutarComando(BaseDAO.java:52)
	at pe.edu.pucp.inf30.stockify.daoimpl.BaseDAO.crear(BaseDAO.java:101)
	at pe.edu.pucp.inf30.stockify.daoimpl.BaseDAO.crear(BaseDAO.java:23)
	at pe.edu.pucp.inf30.stockify.boimpl.personal.CuentaUsuarioBOImpl.guardar(CuentaUsuarioBOImpl.java:44)
	at pe.edu.pucp.inf30.stockify.bo.personal.CuentaUsuarioBOTest.crearCuentaUsuario(CuentaUsuarioBOTest.java:192)
	at pe.edu.pucp.inf30.stockify.bo.personal.CuentaUsuarioBOTest.debeGuardarNuevo(CuentaUsuarioBOTest.java:54)
	at java.base/java.lang.reflect.Method.invoke(Method.java:568)
	at java.base/java.util.ArrayList.forEach(ArrayList.java:1511)
	at java.base/java.util.ArrayList.forEach(ArrayList.java:1511)
Caused by: java.lang.RuntimeException: com.mysql.cj.jdbc.exceptions.MySQLTransactionRollbackException: Lock wait timeout exceeded; try restarting transaction
	at pe.edu.pucp.inf30.stockify.daoimpl.BaseDAO.ejecutarComandoCrear(BaseDAO.java:75)
	at pe.edu.pucp.inf30.stockify.daoimpl.BaseDAO.lambda$crear$0(BaseDAO.java:101)
	at pe.edu.pucp.inf30.stockify.daoimpl.BaseDAO.ejecutarComando(BaseDAO.java:44)
	... 8 more
Caused by: com.mysql.cj.jdbc.exceptions.MySQLTransactionRollbackException: Lock wait timeout exceeded; try restarting transaction
	at com.mysql.cj.jdbc.exceptions.SQLError.createSQLException(SQLError.java:115)
	at com.mysql.cj.jdbc.exceptions.SQLExceptionsMapping.translateException(SQLExceptionsMapping.java:114)
	at com.mysql.cj.jdbc.ClientPreparedStatement.executeInternal(ClientPreparedStatement.java:988)
	at com.mysql.cj.jdbc.ClientPreparedStatement.executeUpdateInternal(ClientPreparedStatement.java:1166)
	at com.mysql.cj.jdbc.ClientPreparedStatement.executeUpdateInternal(ClientPreparedStatement.java:1101)
	at com.mysql.cj.jdbc.ClientPreparedStatement.executeLargeUpdate(ClientPreparedStatement.java:1448)
	at com.mysql.cj.jdbc.CallableStatement.executeLargeUpdate(CallableStatement.java:2828)
	at com.mysql.cj.jdbc.CallableStatement.executeUpdate(CallableStatement.java:978)
	at pe.edu.pucp.inf30.stockify.daoimpl.BaseDAO.ejecutarComandoCrear(BaseDAO.java:58)
	... 10 more

pe.edu.pucp.inf30.stockify.bo.personal.CuentaUsuarioBOTest.debeObtenerSiIdExiste -- Time elapsed: 1.078 s <<< FAILURE!
org.opentest4j.AssertionFailedError: expected: not <null>
	at org.junit.jupiter.api.AssertionFailureBuilder.build(AssertionFailureBuilder.java:152)
	at org.junit.jupiter.api.AssertionFailureBuilder.buildAndThrow(AssertionFailureBuilder.java:132)
	at org.junit.jupiter.api.AssertNotNull.failNull(AssertNotNull.java:49)
	at org.junit.jupiter.api.AssertNotNull.assertNotNull(AssertNotNull.java:35)
	at org.junit.jupiter.api.AssertNotNull.assertNotNull(AssertNotNull.java:30)
	at org.junit.jupiter.api.Assertions.assertNotNull(Assertions.java:304)
	at pe.edu.pucp.inf30.stockify.bo.personal.CuentaUsuarioBOTest.debeObtenerSiIdExiste(CuentaUsuarioBOTest.java:63)
	at java.base/java.lang.reflect.Method.invoke(Method.java:568)
	at java.base/java.util.ArrayList.forEach(ArrayList.java:1511)
	at java.base/java.util.ArrayList.forEach(ArrayList.java:1511)

pe.edu.pucp.inf30.stockify.bo.personal.CuentaUsuarioBOTest.debeGuardarModificado -- Time elapsed: 0.974 s <<< ERROR!
java.lang.NullPointerException: Cannot invoke "pe.edu.pucp.inf30.stockify.model.personal.CuentaUsuario.setPassword(String)" because "cuenta" is null
	at pe.edu.pucp.inf30.stockify.bo.personal.CuentaUsuarioBOTest.debeGuardarModificado(CuentaUsuarioBOTest.java:80)
	at java.base/java.lang.reflect.Method.invoke(Method.java:568)
	at java.base/java.util.ArrayList.forEach(ArrayList.java:1511)
	at java.base/java.util.ArrayList.forEach(ArrayList.java:1511)

pe.edu.pucp.inf30.stockify.bo.personal.CuentaUsuarioBOTest.debeCrearCuentaSinUltimoAcceso -- Time elapsed: 50.95 s <<< ERROR!
java.lang.RuntimeException: java.lang.RuntimeException: com.mysql.cj.jdbc.exceptions.MySQLTransactionRollbackException: Lock wait timeout exceeded; try restarting transaction
	at pe.edu.pucp.inf30.stockify.daoimpl.BaseDAO.ejecutarComando(BaseDAO.java:52)
	at pe.edu.pucp.inf30.stockify.daoimpl.BaseDAO.crear(BaseDAO.java:101)
	at pe.edu.pucp.inf30.stockify.daoimpl.BaseDAO.crear(BaseDAO.java:23)
	at pe.edu.pucp.inf30.stockify.boimpl.personal.CuentaUsuarioBOImpl.guardar(CuentaUsuarioBOImpl.java:44)
	at pe.edu.pucp.inf30.stockify.bo.personal.CuentaUsuarioBOTest.debeCrearCuentaSinUltimoAcceso(CuentaUsuarioBOTest.java:132)
	at java.base/java.lang.reflect.Method.invoke(Method.java:568)
	at java.base/java.util.ArrayList.forEach(ArrayList.java:1511)
	at java.base/java.util.ArrayList.forEach(ArrayList.java:1511)
Caused by: java.lang.RuntimeException: com.mysql.cj.jdbc.exceptions.MySQLTransactionRollbackException: Lock wait timeout exceeded; try restarting transaction
	at pe.edu.pucp.inf30.stockify.daoimpl.BaseDAO.ejecutarComandoCrear(BaseDAO.java:75)
	at pe.edu.pucp.inf30.stockify.daoimpl.BaseDAO.lambda$crear$0(BaseDAO.java:101)
	at pe.edu.pucp.inf30.stockify.daoimpl.BaseDAO.ejecutarComando(BaseDAO.java:44)
	... 7 more
Caused by: com.mysql.cj.jdbc.exceptions.MySQLTransactionRollbackException: Lock wait timeout exceeded; try restarting transaction
	at com.mysql.cj.jdbc.exceptions.SQLError.createSQLException(SQLError.java:115)
	at com.mysql.cj.jdbc.exceptions.SQLExceptionsMapping.translateException(SQLExceptionsMapping.java:114)
	at com.mysql.cj.jdbc.ClientPreparedStatement.executeInternal(ClientPreparedStatement.java:988)
	at com.mysql.cj.jdbc.ClientPreparedStatement.executeUpdateInternal(ClientPreparedStatement.java:1166)
	at com.mysql.cj.jdbc.ClientPreparedStatement.executeUpdateInternal(ClientPreparedStatement.java:1101)
	at com.mysql.cj.jdbc.ClientPreparedStatement.executeLargeUpdate(ClientPreparedStatement.java:1448)
	at com.mysql.cj.jdbc.CallableStatement.executeLargeUpdate(CallableStatement.java:2828)
	at com.mysql.cj.jdbc.CallableStatement.executeUpdate(CallableStatement.java:978)
	at pe.edu.pucp.inf30.stockify.daoimpl.BaseDAO.ejecutarComandoCrear(BaseDAO.java:58)
	... 9 more

pe.edu.pucp.inf30.stockify.bo.personal.CuentaUsuarioBOTest.debeActualizarUltimoAcceso -- Time elapsed: 51.08 s <<< ERROR!
java.lang.RuntimeException: java.lang.RuntimeException: com.mysql.cj.jdbc.exceptions.MySQLTransactionRollbackException: Lock wait timeout exceeded; try restarting transaction
	at pe.edu.pucp.inf30.stockify.daoimpl.BaseDAO.ejecutarComando(BaseDAO.java:52)
	at pe.edu.pucp.inf30.stockify.daoimpl.BaseDAO.crear(BaseDAO.java:101)
	at pe.edu.pucp.inf30.stockify.daoimpl.BaseDAO.crear(BaseDAO.java:23)
	at pe.edu.pucp.inf30.stockify.boimpl.personal.CuentaUsuarioBOImpl.guardar(CuentaUsuarioBOImpl.java:44)
	at pe.edu.pucp.inf30.stockify.bo.personal.CuentaUsuarioBOTest.debeActualizarUltimoAcceso(CuentaUsuarioBOTest.java:160)
	at java.base/java.lang.reflect.Method.invoke(Method.java:568)
	at java.base/java.util.ArrayList.forEach(ArrayList.java:1511)
	at java.base/java.util.ArrayList.forEach(ArrayList.java:1511)
Caused by: java.lang.RuntimeException: com.mysql.cj.jdbc.exceptions.MySQLTransactionRollbackException: Lock wait timeout exceeded; try restarting transaction
	at pe.edu.pucp.inf30.stockify.daoimpl.BaseDAO.ejecutarComandoCrear(BaseDAO.java:75)
	at pe.edu.pucp.inf30.stockify.daoimpl.BaseDAO.lambda$crear$0(BaseDAO.java:101)
	at pe.edu.pucp.inf30.stockify.daoimpl.BaseDAO.ejecutarComando(BaseDAO.java:44)
	... 7 more
Caused by: com.mysql.cj.jdbc.exceptions.MySQLTransactionRollbackException: Lock wait timeout exceeded; try restarting transaction
	at com.mysql.cj.jdbc.exceptions.SQLError.createSQLException(SQLError.java:115)
	at com.mysql.cj.jdbc.exceptions.SQLExceptionsMapping.translateException(SQLExceptionsMapping.java:114)
	at com.mysql.cj.jdbc.ClientPreparedStatement.executeInternal(ClientPreparedStatement.java:988)
	at com.mysql.cj.jdbc.ClientPreparedStatement.executeUpdateInternal(ClientPreparedStatement.java:1166)
	at com.mysql.cj.jdbc.ClientPreparedStatement.executeUpdateInternal(ClientPreparedStatement.java:1101)
	at com.mysql.cj.jdbc.ClientPreparedStatement.executeLargeUpdate(ClientPreparedStatement.java:1448)
	at com.mysql.cj.jdbc.CallableStatement.executeLargeUpdate(CallableStatement.java:2828)
	at com.mysql.cj.jdbc.CallableStatement.executeUpdate(CallableStatement.java:978)
	at pe.edu.pucp.inf30.stockify.daoimpl.BaseDAO.ejecutarComandoCrear(BaseDAO.java:58)
	... 9 more

