-------------------------------------------------------------------------------
Test set: pe.edu.pucp.inf30.stockify.bo.almacen.MovimientoBOTest
-------------------------------------------------------------------------------
Tests run: 9, Failures: 2, Errors: 3, Skipped: 0, Time elapsed: 15.22 s <<< FAILURE! -- in pe.edu.pucp.inf30.stockify.bo.almacen.MovimientoBOTest
pe.edu.pucp.inf30.stockify.bo.almacen.MovimientoBOTest.debeObtenerSiIdExiste -- Time elapsed: 2.615 s <<< ERROR!
java.lang.RuntimeException: java.lang.RuntimeException: java.sql.SQLException: No parameter named 'p_tipoMovimiento'
	at pe.edu.pucp.inf30.stockify.daoimpl.BaseDAO.ejecutarComando(BaseDAO.java:52)
	at pe.edu.pucp.inf30.stockify.daoimpl.BaseDAO.crear(BaseDAO.java:101)
	at pe.edu.pucp.inf30.stockify.daoimpl.BaseDAO.crear(BaseDAO.java:23)
	at pe.edu.pucp.inf30.stockify.boimpl.almacen.MovimientoBOImpl.guardar(MovimientoBOImpl.java:44)
	at pe.edu.pucp.inf30.stockify.bo.almacen.MovimientoBOTest.crearMovimiento(MovimientoBOTest.java:166)
	at pe.edu.pucp.inf30.stockify.bo.almacen.MovimientoBOTest.debeObtenerSiIdExiste(MovimientoBOTest.java:82)
	at java.base/java.lang.reflect.Method.invoke(Method.java:580)
	at java.base/java.util.ArrayList.forEach(ArrayList.java:1597)
	at java.base/java.util.ArrayList.forEach(ArrayList.java:1597)
Caused by: java.lang.RuntimeException: java.sql.SQLException: No parameter named 'p_tipoMovimiento'
	at pe.edu.pucp.inf30.stockify.daoimpl.BaseDAO.ejecutarComandoCrear(BaseDAO.java:75)
	at pe.edu.pucp.inf30.stockify.daoimpl.BaseDAO.lambda$crear$0(BaseDAO.java:101)
	at pe.edu.pucp.inf30.stockify.daoimpl.BaseDAO.ejecutarComando(BaseDAO.java:44)
	... 8 more
Caused by: java.sql.SQLException: No parameter named 'p_tipoMovimiento'
	at com.mysql.cj.jdbc.exceptions.SQLError.createSQLException(SQLError.java:121)
	at com.mysql.cj.jdbc.exceptions.SQLError.createSQLException(SQLError.java:89)
	at com.mysql.cj.jdbc.exceptions.SQLError.createSQLException(SQLError.java:81)
	at com.mysql.cj.jdbc.exceptions.SQLError.createSQLException(SQLError.java:55)
	at com.mysql.cj.jdbc.CallableStatement.getNamedParamIndex(CallableStatement.java:1512)
	at com.mysql.cj.jdbc.CallableStatement.setString(CallableStatement.java:2415)
	at pe.edu.pucp.inf30.stockify.daoimpl.almacen.MovimientoDAOImpl.comandoCrear(MovimientoDAOImpl.java:34)
	at pe.edu.pucp.inf30.stockify.daoimpl.almacen.MovimientoDAOImpl.comandoCrear(MovimientoDAOImpl.java:25)
	at pe.edu.pucp.inf30.stockify.daoimpl.BaseDAO.ejecutarComandoCrear(BaseDAO.java:57)
	... 10 more

pe.edu.pucp.inf30.stockify.bo.almacen.MovimientoBOTest.debeGuardarNuevo -- Time elapsed: 2.600 s <<< ERROR!
java.lang.RuntimeException: java.lang.RuntimeException: java.sql.SQLException: No parameter named 'p_tipoMovimiento'
	at pe.edu.pucp.inf30.stockify.daoimpl.BaseDAO.ejecutarComando(BaseDAO.java:52)
	at pe.edu.pucp.inf30.stockify.daoimpl.BaseDAO.crear(BaseDAO.java:101)
	at pe.edu.pucp.inf30.stockify.daoimpl.BaseDAO.crear(BaseDAO.java:23)
	at pe.edu.pucp.inf30.stockify.boimpl.almacen.MovimientoBOImpl.guardar(MovimientoBOImpl.java:44)
	at pe.edu.pucp.inf30.stockify.bo.almacen.MovimientoBOTest.crearMovimiento(MovimientoBOTest.java:166)
	at pe.edu.pucp.inf30.stockify.bo.almacen.MovimientoBOTest.debeGuardarNuevo(MovimientoBOTest.java:100)
	at java.base/java.lang.reflect.Method.invoke(Method.java:580)
	at java.base/java.util.ArrayList.forEach(ArrayList.java:1597)
	at java.base/java.util.ArrayList.forEach(ArrayList.java:1597)
Caused by: java.lang.RuntimeException: java.sql.SQLException: No parameter named 'p_tipoMovimiento'
	at pe.edu.pucp.inf30.stockify.daoimpl.BaseDAO.ejecutarComandoCrear(BaseDAO.java:75)
	at pe.edu.pucp.inf30.stockify.daoimpl.BaseDAO.lambda$crear$0(BaseDAO.java:101)
	at pe.edu.pucp.inf30.stockify.daoimpl.BaseDAO.ejecutarComando(BaseDAO.java:44)
	... 8 more
Caused by: java.sql.SQLException: No parameter named 'p_tipoMovimiento'
	at com.mysql.cj.jdbc.exceptions.SQLError.createSQLException(SQLError.java:121)
	at com.mysql.cj.jdbc.exceptions.SQLError.createSQLException(SQLError.java:89)
	at com.mysql.cj.jdbc.exceptions.SQLError.createSQLException(SQLError.java:81)
	at com.mysql.cj.jdbc.exceptions.SQLError.createSQLException(SQLError.java:55)
	at com.mysql.cj.jdbc.CallableStatement.getNamedParamIndex(CallableStatement.java:1512)
	at com.mysql.cj.jdbc.CallableStatement.setString(CallableStatement.java:2415)
	at pe.edu.pucp.inf30.stockify.daoimpl.almacen.MovimientoDAOImpl.comandoCrear(MovimientoDAOImpl.java:34)
	at pe.edu.pucp.inf30.stockify.daoimpl.almacen.MovimientoDAOImpl.comandoCrear(MovimientoDAOImpl.java:25)
	at pe.edu.pucp.inf30.stockify.daoimpl.BaseDAO.ejecutarComandoCrear(BaseDAO.java:57)
	... 10 more

pe.edu.pucp.inf30.stockify.bo.almacen.MovimientoBOTest.debeGuardarModificado -- Time elapsed: 0.901 s <<< ERROR!
java.lang.NullPointerException: Cannot invoke "pe.edu.pucp.inf30.stockify.model.almacen.Movimiento.setDescripcion(String)" because "movimiento" is null
	at pe.edu.pucp.inf30.stockify.bo.almacen.MovimientoBOTest.debeGuardarModificado(MovimientoBOTest.java:109)
	at java.base/java.lang.reflect.Method.invoke(Method.java:580)
	at java.base/java.util.ArrayList.forEach(ArrayList.java:1597)
	at java.base/java.util.ArrayList.forEach(ArrayList.java:1597)

pe.edu.pucp.inf30.stockify.bo.almacen.MovimientoBOTest.noDebeEliminarSiIdNoExiste -- Time elapsed: 0.898 s <<< FAILURE!
org.opentest4j.AssertionFailedError: Expected java.lang.RuntimeException to be thrown, but nothing was thrown.
	at org.junit.jupiter.api.AssertionFailureBuilder.build(AssertionFailureBuilder.java:152)
	at org.junit.jupiter.api.AssertThrows.assertThrows(AssertThrows.java:73)
	at org.junit.jupiter.api.AssertThrows.assertThrows(AssertThrows.java:35)
	at org.junit.jupiter.api.Assertions.assertThrows(Assertions.java:3128)
	at pe.edu.pucp.inf30.stockify.bo.almacen.MovimientoBOTest.noDebeEliminarSiIdNoExiste(MovimientoBOTest.java:131)
	at java.base/java.lang.reflect.Method.invoke(Method.java:580)
	at java.base/java.util.ArrayList.forEach(ArrayList.java:1597)
	at java.base/java.util.ArrayList.forEach(ArrayList.java:1597)

pe.edu.pucp.inf30.stockify.bo.almacen.MovimientoBOTest.debeHacerRollbackSiErrorEnEliminar -- Time elapsed: 0.899 s <<< FAILURE!
org.opentest4j.AssertionFailedError: Expected java.lang.RuntimeException to be thrown, but nothing was thrown.
	at org.junit.jupiter.api.AssertionFailureBuilder.build(AssertionFailureBuilder.java:152)
	at org.junit.jupiter.api.AssertThrows.assertThrows(AssertThrows.java:73)
	at org.junit.jupiter.api.AssertThrows.assertThrows(AssertThrows.java:35)
	at org.junit.jupiter.api.Assertions.assertThrows(Assertions.java:3128)
	at pe.edu.pucp.inf30.stockify.bo.almacen.MovimientoBOTest.debeHacerRollbackSiErrorEnEliminar(MovimientoBOTest.java:155)
	at java.base/java.lang.reflect.Method.invoke(Method.java:580)
	at java.base/java.util.ArrayList.forEach(ArrayList.java:1597)
	at java.base/java.util.ArrayList.forEach(ArrayList.java:1597)

