<?xml version="1.0" encoding="UTF-8"?>
<testsuite xmlns:xsi="http://www.w3.org/2001/XMLSchema-instance" xsi:noNamespaceSchemaLocation="https://maven.apache.org/surefire/maven-surefire-plugin/xsd/surefire-test-report.xsd" version="3.0.1" name="pe.edu.pucp.inf30.stockify.bo.gestion.OrdenIngresoBOTest" time="102.659" tests="9" errors="0" skipped="0" failures="0">
  <properties>
[...]
</properties>
  <testcase name="debeListar" classname="pe.edu.pucp.inf30.stockify.bo.gestion.OrdenIngresoBOTest" time="1.179"/>
  <testcase name="debeGuardarNuevo" classname="pe.edu.pucp.inf30.stockify.bo.gestion.OrdenIngresoBOTest" time="16.177"/>
  <testcase name="debeObtenerSiIdExiste" classname="pe.edu.pucp.inf30.stockify.bo.gestion.OrdenIngresoBOTest" time="15.366"/>
  <testcase name="noDebeObtenerSiIdNoExiste" classname="pe.edu.pucp.inf30.stockify.bo.gestion.OrdenIngresoBOTest" time="1.197">
    <system-err><![CDATA[No se encontro el registro con id: 99999
]]></system-err>
  </testcase>
  <testcase name="debeGuardarModificado" classname="pe.edu.pucp.inf30.stockify.bo.gestion.OrdenIngresoBOTest" time="32.351"/>
  <testcase name="debeEliminarSiIdExiste" classname="pe.edu.pucp.inf30.stockify.bo.gestion.OrdenIngresoBOTest" time="11.441">
    <system-err><![CDATA[No se encontro el registro con id: 1
]]></system-err>
  </testcase>
  <testcase name="noDebeEliminarSiIdNoExiste" classname="pe.edu.pucp.inf30.stockify.bo.gestion.OrdenIngresoBOTest" time="1.633"/>
  <testcase name="debeHacerRollbackSiErrorEnGuardar" classname="pe.edu.pucp.inf30.stockify.bo.gestion.OrdenIngresoBOTest" time="7.603">
    <system-err><![CDATA[Error SQL: Cannot add or update a child row: a foreign key constraint fails (`Stockify`.`LineaOrdenIngreso`, CONSTRAINT `LineaOrdenIngreso_ibfk_1` FOREIGN KEY (`idProducto`) REFERENCES `Producto` (`idProducto`))
]]></system-err>
  </testcase>
  <testcase name="debeHacerRollbackSiErrorEnEliminar" classname="pe.edu.pucp.inf30.stockify.bo.gestion.OrdenIngresoBOTest" time="1.627"/>
</testsuite>