<?xml version="1.0" encoding="UTF-8"?>
<testsuite xmlns:xsi="http://www.w3.org/2001/XMLSchema-instance" xsi:noNamespaceSchemaLocation="https://maven.apache.org/surefire/maven-surefire-plugin/xsd/surefire-test-report.xsd" version="3.0.1" name="pe.edu.pucp.inf30.stockify.bo.personal.CuentaUsuarioBOTest" time="162.354" tests="11" errors="4" skipped="0" failures="1">
  <properties>
[...]
</properties>
  <testcase name="debeListar" classname="pe.edu.pucp.inf30.stockify.bo.personal.CuentaUsuarioBOTest" time="1.488"/>
  <testcase name="debeGuardarNuevo" classname="pe.edu.pucp.inf30.stockify.bo.personal.CuentaUsuarioBOTest" time="50.981">
    <error message="java.lang.RuntimeException: com.mysql.cj.jdbc.exceptions.MySQLTransactionRollbackException: Lock wait timeout exceeded; try restarting transaction" type="java.lang.RuntimeException"><![CDATA[java.lang.RuntimeException: java.lang.RuntimeException: com.mysql.cj.jdbc.exceptions.MySQLTransactionRollbackException: Lock wait timeout exceeded; try restarting transaction
	at pe.edu.pucp.inf30.stockify.daoimpl.BaseDAO.ejecutarComando(BaseDAO.java:52)
	at pe.edu.pucp.inf30.stockify.daoimpl.BaseDAO.crear(BaseDAO.java:101)
	at pe.edu.pucp.inf30.stockify.daoimpl.BaseDAO.crear(BaseDAO.java:23)
	at pe.edu.pucp.inf30.stockify.boimpl.personal.CuentaUsuarioBOImpl.guardar(CuentaUsuarioBOImpl.java:44)
	at pe.edu.pucp.inf30.stockify.bo.personal.CuentaUsuarioBOTest.crearCuentaUsuario(CuentaUsuarioBOTest.java:192)
	at pe.edu.pucp.inf30.stockify.bo.personal.CuentaUsuarioBOTest.debeGuardarNuevo(CuentaUsuarioBOTest.java:54)
	at java.base/java.lang.reflect.Method.invoke(Method.java:568)
	at java.base/java.util.ArrayList.forEach(ArrayList.java:1511)
	at java.base/java.util.ArrayList.forEach(ArrayList.java:1511)
Caused by: java.lang.RuntimeException: com.mysql.cj.jdbc.exceptions.MySQLTransactionRollbackException: Lock wait timeout exceeded; try restarting transaction
	at pe.edu.pucp.inf30.stockify.daoimpl.BaseDAO.ejecutarComandoCrear(BaseDAO.java:75)
	at pe.edu.pucp.inf30.stockify.daoimpl.BaseDAO.lambda$crear$0(BaseDAO.java:101)
	at pe.edu.pucp.inf30.stockify.daoimpl.BaseDAO.ejecutarComando(BaseDAO.java:44)
	... 8 more
Caused by: com.mysql.cj.jdbc.exceptions.MySQLTransactionRollbackException: Lock wait timeout exceeded; try restarting transaction
	at com.mysql.cj.jdbc.exceptions.SQLError.createSQLException(SQLError.java:115)
	at com.mysql.cj.jdbc.exceptions.SQLExceptionsMapping.translateException(SQLExceptionsMapping.java:114)
	at com.mysql.cj.jdbc.ClientPreparedStatement.executeInternal(ClientPreparedStatement.java:988)
	at com.mysql.cj.jdbc.ClientPreparedStatement.executeUpdateInternal(ClientPreparedStatement.java:1166)
	at com.mysql.cj.jdbc.ClientPreparedStatement.executeUpdateInternal(ClientPreparedStatement.java:1101)
	at com.mysql.cj.jdbc.ClientPreparedStatement.executeLargeUpdate(ClientPreparedStatement.java:1448)
	at com.mysql.cj.jdbc.CallableStatement.executeLargeUpdate(CallableStatement.java:2828)
	at com.mysql.cj.jdbc.CallableStatement.executeUpdate(CallableStatement.java:978)
	at pe.edu.pucp.inf30.stockify.daoimpl.BaseDAO.ejecutarComandoCrear(BaseDAO.java:58)
	... 10 more
]]></error>
    <system-err><![CDATA[Error SQL: Lock wait timeout exceeded; try restarting transaction
Error inesperado: com.mysql.cj.jdbc.exceptions.MySQLTransactionRollbackException: Lock wait timeout exceeded; try restarting transaction
]]></system-err>
  </testcase>
  <testcase name="debeObtenerSiIdExiste" classname="pe.edu.pucp.inf30.stockify.bo.personal.CuentaUsuarioBOTest" time="1.078">
    <failure message="expected: not &lt;null&gt;" type="org.opentest4j.AssertionFailedError"><![CDATA[org.opentest4j.AssertionFailedError: expected: not <null>
	at org.junit.jupiter.api.AssertionFailureBuilder.build(AssertionFailureBuilder.java:152)
	at org.junit.jupiter.api.AssertionFailureBuilder.buildAndThrow(AssertionFailureBuilder.java:132)
	at org.junit.jupiter.api.AssertNotNull.failNull(AssertNotNull.java:49)
	at org.junit.jupiter.api.AssertNotNull.assertNotNull(AssertNotNull.java:35)
	at org.junit.jupiter.api.AssertNotNull.assertNotNull(AssertNotNull.java:30)
	at org.junit.jupiter.api.Assertions.assertNotNull(Assertions.java:304)
	at pe.edu.pucp.inf30.stockify.bo.personal.CuentaUsuarioBOTest.debeObtenerSiIdExiste(CuentaUsuarioBOTest.java:63)
	at java.base/java.lang.reflect.Method.invoke(Method.java:568)
	at java.base/java.util.ArrayList.forEach(ArrayList.java:1511)
	at java.base/java.util.ArrayList.forEach(ArrayList.java:1511)
]]></failure>
    <system-err><![CDATA[No se encontro el registro con id: 0
]]></system-err>
  </testcase>
  <testcase name="noDebeObtenerSiIdNoExiste" classname="pe.edu.pucp.inf30.stockify.bo.personal.CuentaUsuarioBOTest" time="0.938">
    <system-err><![CDATA[No se encontro el registro con id: 99999
]]></system-err>
  </testcase>
  <testcase name="debeGuardarModificado" classname="pe.edu.pucp.inf30.stockify.bo.personal.CuentaUsuarioBOTest" time="0.974">
    <error message="Cannot invoke &quot;pe.edu.pucp.inf30.stockify.model.personal.CuentaUsuario.setPassword(String)&quot; because &quot;cuenta&quot; is null" type="java.lang.NullPointerException"><![CDATA[java.lang.NullPointerException: Cannot invoke "pe.edu.pucp.inf30.stockify.model.personal.CuentaUsuario.setPassword(String)" because "cuenta" is null
	at pe.edu.pucp.inf30.stockify.bo.personal.CuentaUsuarioBOTest.debeGuardarModificado(CuentaUsuarioBOTest.java:80)
	at java.base/java.lang.reflect.Method.invoke(Method.java:568)
	at java.base/java.util.ArrayList.forEach(ArrayList.java:1511)
	at java.base/java.util.ArrayList.forEach(ArrayList.java:1511)
]]></error>
    <system-err><![CDATA[No se encontro el registro con id: 0
]]></system-err>
  </testcase>
  <testcase name="debeEliminarSiIdExiste" classname="pe.edu.pucp.inf30.stockify.bo.personal.CuentaUsuarioBOTest" time="1.944">
    <system-err><![CDATA[No se encontro el registro con id: 0
]]></system-err>
  </testcase>
  <testcase name="noDebeEliminarSiIdNoExiste" classname="pe.edu.pucp.inf30.stockify.bo.personal.CuentaUsuarioBOTest" time="0.942"/>
  <testcase name="debeHacerRollbackSiErrorEnGuardar" classname="pe.edu.pucp.inf30.stockify.bo.personal.CuentaUsuarioBOTest" time="0.978">
    <system-err><![CDATA[Error SQL: Column 'username' cannot be null
Error inesperado: java.sql.SQLIntegrityConstraintViolationException: Column 'username' cannot be null
]]></system-err>
  </testcase>
  <testcase name="debeHacerRollbackSiErrorEnEliminar" classname="pe.edu.pucp.inf30.stockify.bo.personal.CuentaUsuarioBOTest" time="0.948"/>
  <testcase name="debeCrearCuentaSinUltimoAcceso" classname="pe.edu.pucp.inf30.stockify.bo.personal.CuentaUsuarioBOTest" time="50.954">
    <error message="java.lang.RuntimeException: com.mysql.cj.jdbc.exceptions.MySQLTransactionRollbackException: Lock wait timeout exceeded; try restarting transaction" type="java.lang.RuntimeException"><![CDATA[java.lang.RuntimeException: java.lang.RuntimeException: com.mysql.cj.jdbc.exceptions.MySQLTransactionRollbackException: Lock wait timeout exceeded; try restarting transaction
	at pe.edu.pucp.inf30.stockify.daoimpl.BaseDAO.ejecutarComando(BaseDAO.java:52)
	at pe.edu.pucp.inf30.stockify.daoimpl.BaseDAO.crear(BaseDAO.java:101)
	at pe.edu.pucp.inf30.stockify.daoimpl.BaseDAO.crear(BaseDAO.java:23)
	at pe.edu.pucp.inf30.stockify.boimpl.personal.CuentaUsuarioBOImpl.guardar(CuentaUsuarioBOImpl.java:44)
	at pe.edu.pucp.inf30.stockify.bo.personal.CuentaUsuarioBOTest.debeCrearCuentaSinUltimoAcceso(CuentaUsuarioBOTest.java:132)
	at java.base/java.lang.reflect.Method.invoke(Method.java:568)
	at java.base/java.util.ArrayList.forEach(ArrayList.java:1511)
	at java.base/java.util.ArrayList.forEach(ArrayList.java:1511)
Caused by: java.lang.RuntimeException: com.mysql.cj.jdbc.exceptions.MySQLTransactionRollbackException: Lock wait timeout exceeded; try restarting transaction
	at pe.edu.pucp.inf30.stockify.daoimpl.BaseDAO.ejecutarComandoCrear(BaseDAO.java:75)
	at pe.edu.pucp.inf30.stockify.daoimpl.BaseDAO.lambda$crear$0(BaseDAO.java:101)
	at pe.edu.pucp.inf30.stockify.daoimpl.BaseDAO.ejecutarComando(BaseDAO.java:44)
	... 7 more
Caused by: com.mysql.cj.jdbc.exceptions.MySQLTransactionRollbackException: Lock wait timeout exceeded; try restarting transaction
	at com.mysql.cj.jdbc.exceptions.SQLError.createSQLException(SQLError.java:115)
	at com.mysql.cj.jdbc.exceptions.SQLExceptionsMapping.translateException(SQLExceptionsMapping.java:114)
	at com.mysql.cj.jdbc.ClientPreparedStatement.executeInternal(ClientPreparedStatement.java:988)
	at com.mysql.cj.jdbc.ClientPreparedStatement.executeUpdateInternal(ClientPreparedStatement.java:1166)
	at com.mysql.cj.jdbc.ClientPreparedStatement.executeUpdateInternal(ClientPreparedStatement.java:1101)
	at com.mysql.cj.jdbc.ClientPreparedStatement.executeLargeUpdate(ClientPreparedStatement.java:1448)
	at com.mysql.cj.jdbc.CallableStatement.executeLargeUpdate(CallableStatement.java:2828)
	at com.mysql.cj.jdbc.CallableStatement.executeUpdate(CallableStatement.java:978)
	at pe.edu.pucp.inf30.stockify.daoimpl.BaseDAO.ejecutarComandoCrear(BaseDAO.java:58)
	... 9 more
]]></error>
    <system-err><![CDATA[Error SQL: Lock wait timeout exceeded; try restarting transaction
Error inesperado: com.mysql.cj.jdbc.exceptions.MySQLTransactionRollbackException: Lock wait timeout exceeded; try restarting transaction
]]></system-err>
  </testcase>
  <testcase name="debeActualizarUltimoAcceso" classname="pe.edu.pucp.inf30.stockify.bo.personal.CuentaUsuarioBOTest" time="51.077">
    <error message="java.lang.RuntimeException: com.mysql.cj.jdbc.exceptions.MySQLTransactionRollbackException: Lock wait timeout exceeded; try restarting transaction" type="java.lang.RuntimeException"><![CDATA[java.lang.RuntimeException: java.lang.RuntimeException: com.mysql.cj.jdbc.exceptions.MySQLTransactionRollbackException: Lock wait timeout exceeded; try restarting transaction
	at pe.edu.pucp.inf30.stockify.daoimpl.BaseDAO.ejecutarComando(BaseDAO.java:52)
	at pe.edu.pucp.inf30.stockify.daoimpl.BaseDAO.crear(BaseDAO.java:101)
	at pe.edu.pucp.inf30.stockify.daoimpl.BaseDAO.crear(BaseDAO.java:23)
	at pe.edu.pucp.inf30.stockify.boimpl.personal.CuentaUsuarioBOImpl.guardar(CuentaUsuarioBOImpl.java:44)
	at pe.edu.pucp.inf30.stockify.bo.personal.CuentaUsuarioBOTest.debeActualizarUltimoAcceso(CuentaUsuarioBOTest.java:160)
	at java.base/java.lang.reflect.Method.invoke(Method.java:568)
	at java.base/java.util.ArrayList.forEach(ArrayList.java:1511)
	at java.base/java.util.ArrayList.forEach(ArrayList.java:1511)
Caused by: java.lang.RuntimeException: com.mysql.cj.jdbc.exceptions.MySQLTransactionRollbackException: Lock wait timeout exceeded; try restarting transaction
	at pe.edu.pucp.inf30.stockify.daoimpl.BaseDAO.ejecutarComandoCrear(BaseDAO.java:75)
	at pe.edu.pucp.inf30.stockify.daoimpl.BaseDAO.lambda$crear$0(BaseDAO.java:101)
	at pe.edu.pucp.inf30.stockify.daoimpl.BaseDAO.ejecutarComando(BaseDAO.java:44)
	... 7 more
Caused by: com.mysql.cj.jdbc.exceptions.MySQLTransactionRollbackException: Lock wait timeout exceeded; try restarting transaction
	at com.mysql.cj.jdbc.exceptions.SQLError.createSQLException(SQLError.java:115)
	at com.mysql.cj.jdbc.exceptions.SQLExceptionsMapping.translateException(SQLExceptionsMapping.java:114)
	at com.mysql.cj.jdbc.ClientPreparedStatement.executeInternal(ClientPreparedStatement.java:988)
	at com.mysql.cj.jdbc.ClientPreparedStatement.executeUpdateInternal(ClientPreparedStatement.java:1166)
	at com.mysql.cj.jdbc.ClientPreparedStatement.executeUpdateInternal(ClientPreparedStatement.java:1101)
	at com.mysql.cj.jdbc.ClientPreparedStatement.executeLargeUpdate(ClientPreparedStatement.java:1448)
	at com.mysql.cj.jdbc.CallableStatement.executeLargeUpdate(CallableStatement.java:2828)
	at com.mysql.cj.jdbc.CallableStatement.executeUpdate(CallableStatement.java:978)
	at pe.edu.pucp.inf30.stockify.daoimpl.BaseDAO.ejecutarComandoCrear(BaseDAO.java:58)
	... 9 more
]]></error>
    <system-err><![CDATA[Error SQL: Lock wait timeout exceeded; try restarting transaction
Error inesperado: com.mysql.cj.jdbc.exceptions.MySQLTransactionRollbackException: Lock wait timeout exceeded; try restarting transaction
]]></system-err>
  </testcase>
</testsuite>