<?xml version="1.0" encoding="UTF-8"?>
<testsuite xmlns:xsi="http://www.w3.org/2001/XMLSchema-instance" xsi:noNamespaceSchemaLocation="https://maven.apache.org/surefire/maven-surefire-plugin/xsd/surefire-test-report.xsd" version="3.0.1" name="pe.edu.pucp.inf30.stockify.bo.usuario.EmpresaBOTest" time="12.192" tests="11" errors="1" skipped="0" failures="6">
  <properties>
[...]
</properties>
  <testcase name="debeListar" classname="pe.edu.pucp.inf30.stockify.bo.usuario.EmpresaBOTest" time="0.89"/>
  <testcase name="debeObtenerSiIdExiste" classname="pe.edu.pucp.inf30.stockify.bo.usuario.EmpresaBOTest" time="1.883">
    <failure message="expected: not &lt;null&gt;" type="org.opentest4j.AssertionFailedError"><![CDATA[org.opentest4j.AssertionFailedError: expected: not <null>
	at org.junit.jupiter.api.AssertionFailureBuilder.build(AssertionFailureBuilder.java:152)
	at org.junit.jupiter.api.AssertionFailureBuilder.buildAndThrow(AssertionFailureBuilder.java:132)
	at org.junit.jupiter.api.AssertNotNull.failNull(AssertNotNull.java:49)
	at org.junit.jupiter.api.AssertNotNull.assertNotNull(AssertNotNull.java:35)
	at org.junit.jupiter.api.AssertNotNull.assertNotNull(AssertNotNull.java:30)
	at org.junit.jupiter.api.Assertions.assertNotNull(Assertions.java:304)
	at pe.edu.pucp.inf30.stockify.bo.usuario.EmpresaBOTest.debeObtenerSiIdExiste(EmpresaBOTest.java:64)
	at java.base/java.lang.reflect.Method.invoke(Method.java:580)
	at java.base/java.util.ArrayList.forEach(ArrayList.java:1597)
	at java.base/java.util.ArrayList.forEach(ArrayList.java:1597)
]]></failure>
    <system-err><![CDATA[No se encontro el registro con id: 0
]]></system-err>
  </testcase>
  <testcase name="noDebeObtenerSiIdNoExiste" classname="pe.edu.pucp.inf30.stockify.bo.usuario.EmpresaBOTest" time="0.895">
    <system-err><![CDATA[No se encontro el registro con id: 99999
]]></system-err>
  </testcase>
  <testcase name="debeGuardarNuevo" classname="pe.edu.pucp.inf30.stockify.bo.usuario.EmpresaBOTest" time="0.986">
    <failure message="expected: &lt;true&gt; but was: &lt;false&gt;" type="org.opentest4j.AssertionFailedError"><![CDATA[org.opentest4j.AssertionFailedError: expected: <true> but was: <false>
	at org.junit.jupiter.api.AssertionFailureBuilder.build(AssertionFailureBuilder.java:151)
	at org.junit.jupiter.api.AssertionFailureBuilder.buildAndThrow(AssertionFailureBuilder.java:132)
	at org.junit.jupiter.api.AssertTrue.failNotTrue(AssertTrue.java:63)
	at org.junit.jupiter.api.AssertTrue.assertTrue(AssertTrue.java:36)
	at org.junit.jupiter.api.AssertTrue.assertTrue(AssertTrue.java:31)
	at org.junit.jupiter.api.Assertions.assertTrue(Assertions.java:183)
	at pe.edu.pucp.inf30.stockify.bo.usuario.EmpresaBOTest.debeGuardarNuevo(EmpresaBOTest.java:81)
	at java.base/java.lang.reflect.Method.invoke(Method.java:580)
	at java.base/java.util.ArrayList.forEach(ArrayList.java:1597)
	at java.base/java.util.ArrayList.forEach(ArrayList.java:1597)
]]></failure>
  </testcase>
  <testcase name="debeGuardarModificado" classname="pe.edu.pucp.inf30.stockify.bo.usuario.EmpresaBOTest" time="0.891">
    <error message="Cannot invoke &quot;pe.edu.pucp.inf30.stockify.model.usuario.Empresa.setRazonSocial(String)&quot; because &quot;empresa&quot; is null" type="java.lang.NullPointerException"><![CDATA[java.lang.NullPointerException: Cannot invoke "pe.edu.pucp.inf30.stockify.model.usuario.Empresa.setRazonSocial(String)" because "empresa" is null
	at pe.edu.pucp.inf30.stockify.bo.usuario.EmpresaBOTest.debeGuardarModificado(EmpresaBOTest.java:89)
	at java.base/java.lang.reflect.Method.invoke(Method.java:580)
	at java.base/java.util.ArrayList.forEach(ArrayList.java:1597)
	at java.base/java.util.ArrayList.forEach(ArrayList.java:1597)
]]></error>
    <system-err><![CDATA[No se encontro el registro con id: 0
]]></system-err>
  </testcase>
  <testcase name="debeEliminarSiIdExiste" classname="pe.edu.pucp.inf30.stockify.bo.usuario.EmpresaBOTest" time="1.789">
    <system-err><![CDATA[No se encontro el registro con id: 0
]]></system-err>
  </testcase>
  <testcase name="noDebeEliminarSiIdNoExiste" classname="pe.edu.pucp.inf30.stockify.bo.usuario.EmpresaBOTest" time="0.901">
    <failure message="Expected java.lang.RuntimeException to be thrown, but nothing was thrown." type="org.opentest4j.AssertionFailedError"><![CDATA[org.opentest4j.AssertionFailedError: Expected java.lang.RuntimeException to be thrown, but nothing was thrown.
	at org.junit.jupiter.api.AssertionFailureBuilder.build(AssertionFailureBuilder.java:152)
	at org.junit.jupiter.api.AssertThrows.assertThrows(AssertThrows.java:73)
	at org.junit.jupiter.api.AssertThrows.assertThrows(AssertThrows.java:35)
	at org.junit.jupiter.api.Assertions.assertThrows(Assertions.java:3128)
	at pe.edu.pucp.inf30.stockify.bo.usuario.EmpresaBOTest.noDebeEliminarSiIdNoExiste(EmpresaBOTest.java:113)
	at java.base/java.lang.reflect.Method.invoke(Method.java:580)
	at java.base/java.util.ArrayList.forEach(ArrayList.java:1597)
	at java.base/java.util.ArrayList.forEach(ArrayList.java:1597)
]]></failure>
  </testcase>
  <testcase name="debeHacerRollbackSiErrorEnGuardar" classname="pe.edu.pucp.inf30.stockify.bo.usuario.EmpresaBOTest" time="0.893">
    <system-err><![CDATA[Error SQL: Column 'razonSocial' cannot be null
Error inesperado: java.sql.SQLIntegrityConstraintViolationException: Column 'razonSocial' cannot be null
]]></system-err>
  </testcase>
  <testcase name="debeHacerRollbackSiErrorEnEliminar" classname="pe.edu.pucp.inf30.stockify.bo.usuario.EmpresaBOTest" time="0.9">
    <failure message="Expected java.lang.RuntimeException to be thrown, but nothing was thrown." type="org.opentest4j.AssertionFailedError"><![CDATA[org.opentest4j.AssertionFailedError: Expected java.lang.RuntimeException to be thrown, but nothing was thrown.
	at org.junit.jupiter.api.AssertionFailureBuilder.build(AssertionFailureBuilder.java:152)
	at org.junit.jupiter.api.AssertThrows.assertThrows(AssertThrows.java:73)
	at org.junit.jupiter.api.AssertThrows.assertThrows(AssertThrows.java:35)
	at org.junit.jupiter.api.Assertions.assertThrows(Assertions.java:3128)
	at pe.edu.pucp.inf30.stockify.bo.usuario.EmpresaBOTest.debeHacerRollbackSiErrorEnEliminar(EmpresaBOTest.java:136)
	at java.base/java.lang.reflect.Method.invoke(Method.java:580)
	at java.base/java.util.ArrayList.forEach(ArrayList.java:1597)
	at java.base/java.util.ArrayList.forEach(ArrayList.java:1597)
]]></failure>
  </testcase>
  <testcase name="debeCrearEmpresaProveedor" classname="pe.edu.pucp.inf30.stockify.bo.usuario.EmpresaBOTest" time="0.992">
    <failure message="expected: &lt;true&gt; but was: &lt;false&gt;" type="org.opentest4j.AssertionFailedError"><![CDATA[org.opentest4j.AssertionFailedError: expected: <true> but was: <false>
	at org.junit.jupiter.api.AssertionFailureBuilder.build(AssertionFailureBuilder.java:151)
	at org.junit.jupiter.api.AssertionFailureBuilder.buildAndThrow(AssertionFailureBuilder.java:132)
	at org.junit.jupiter.api.AssertTrue.failNotTrue(AssertTrue.java:63)
	at org.junit.jupiter.api.AssertTrue.assertTrue(AssertTrue.java:36)
	at org.junit.jupiter.api.AssertTrue.assertTrue(AssertTrue.java:31)
	at org.junit.jupiter.api.Assertions.assertTrue(Assertions.java:183)
	at pe.edu.pucp.inf30.stockify.bo.usuario.EmpresaBOTest.debeCrearEmpresaProveedor(EmpresaBOTest.java:152)
	at java.base/java.lang.reflect.Method.invoke(Method.java:580)
	at java.base/java.util.ArrayList.forEach(ArrayList.java:1597)
	at java.base/java.util.ArrayList.forEach(ArrayList.java:1597)
]]></failure>
  </testcase>
  <testcase name="debeCrearEmpresaCliente" classname="pe.edu.pucp.inf30.stockify.bo.usuario.EmpresaBOTest" time="1.162">
    <failure message="expected: &lt;true&gt; but was: &lt;false&gt;" type="org.opentest4j.AssertionFailedError"><![CDATA[org.opentest4j.AssertionFailedError: expected: <true> but was: <false>
	at org.junit.jupiter.api.AssertionFailureBuilder.build(AssertionFailureBuilder.java:151)
	at org.junit.jupiter.api.AssertionFailureBuilder.buildAndThrow(AssertionFailureBuilder.java:132)
	at org.junit.jupiter.api.AssertTrue.failNotTrue(AssertTrue.java:63)
	at org.junit.jupiter.api.AssertTrue.assertTrue(AssertTrue.java:36)
	at org.junit.jupiter.api.AssertTrue.assertTrue(AssertTrue.java:31)
	at org.junit.jupiter.api.Assertions.assertTrue(Assertions.java:183)
	at pe.edu.pucp.inf30.stockify.bo.usuario.EmpresaBOTest.debeCrearEmpresaCliente(EmpresaBOTest.java:172)
	at java.base/java.lang.reflect.Method.invoke(Method.java:580)
	at java.base/java.util.ArrayList.forEach(ArrayList.java:1597)
	at java.base/java.util.ArrayList.forEach(ArrayList.java:1597)
]]></failure>
  </testcase>
</testsuite>